Hmm ... looks like a package

This is pdfTeX, Version 3.1415926-1.40.10 (TeX Live 2009/Debian)
entering extended mode
LaTeX2e <2009/09/24>
Babel <v3.8l> and hyphenation patterns for english, usenglishmax, dumylang, noh
yphenation, farsi, arabic, croatian, bulgarian, ukrainian, russian, czech, slov
ak, danish, dutch, finnish, french, basque, ngerman, german, german-x-2009-06-1
9, ngerman-x-2009-06-19, ibycus, monogreek, greek, ancientgreek, hungarian, san
skrit, italian, latin, latvian, lithuanian, mongolian2a, mongolian, bokmal, nyn
orsk, romanian, irish, coptic, serbian, turkish, welsh, esperanto, uppersorbian
, estonian, indonesian, interlingua, icelandic, kurmanji, slovenian, polish, po
rtuguese, spanish, galician, catalan, swedish, ukenglish, pinyin, loaded.
(./Rd2.tex
(/usr/share/texmf-texlive/tex/latex/base/book.cls
Document Class: book 2007/10/19 v1.4h Standard LaTeX document class
(/usr/share/texmf-texlive/tex/latex/base/bk10.clo))
(/usr/share/R/share/texmf/tex/latex/Rd.sty
(/usr/share/texmf-texlive/tex/latex/base/ifthen.sty)
(/usr/share/texmf-texlive/tex/latex/tools/longtable.sty)
(/usr/share/texmf-texlive/tex/latex/tools/bm.sty)
(/usr/share/texmf-texlive/tex/latex/base/alltt.sty)
(/usr/share/texmf-texlive/tex/latex/tools/verbatim.sty)
(/usr/share/texmf-texlive/tex/latex/ltxmisc/url.sty)
(/usr/share/texmf-texlive/tex/latex/base/textcomp.sty
(/usr/share/texmf-texlive/tex/latex/base/ts1enc.def))
(/usr/share/texmf-texlive/tex/latex/base/fontenc.sty
(/usr/share/texmf-texlive/tex/latex/base/t1enc.def))
(/usr/share/texmf-texlive/tex/latex/psnfss/times.sty)
(/usr/share/texmf-texlive/tex/latex/inconsolata/inconsolata.sty
(/usr/share/texmf-texlive/tex/latex/graphics/keyval.sty))
(/usr/share/texmf-texlive/tex/latex/graphics/color.sty
(/etc/texmf/tex/latex/config/color.cfg)
(/usr/share/texmf-texlive/tex/latex/pdftex-def/pdftex.def))
(/usr/share/texmf-texlive/tex/latex/hyperref/hyperref.sty
(/usr/share/texmf-texlive/tex/generic/oberdiek/ifpdf.sty)
(/usr/share/texmf-texlive/tex/generic/oberdiek/ifvtex.sty)
(/usr/share/texmf-texlive/tex/generic/ifxetex/ifxetex.sty)
(/usr/share/texmf-texlive/tex/latex/oberdiek/hycolor.sty
(/usr/share/texmf-texlive/tex/latex/oberdiek/xcolor-patch.sty))
(/usr/share/texmf-texlive/tex/latex/hyperref/pd1enc.def)
(/usr/share/texmf-texlive/tex/generic/oberdiek/etexcmds.sty
(/usr/share/texmf-texlive/tex/generic/oberdiek/infwarerr.sty))
(/usr/share/texmf-texlive/tex/latex/latexconfig/hyperref.cfg)
(/usr/share/texmf-texlive/tex/latex/oberdiek/kvoptions.sty
(/usr/share/texmf-texlive/tex/generic/oberdiek/kvsetkeys.sty))
Implicit mode ON; LaTeX internals redefined
(/usr/share/texmf-texlive/tex/generic/oberdiek/bitset.sty
(/usr/share/texmf-texlive/tex/generic/oberdiek/intcalc.sty)
(/usr/share/texmf-texlive/tex/generic/oberdiek/bigintcalc.sty
(/usr/share/texmf-texlive/tex/generic/oberdiek/pdftexcmds.sty
(/usr/share/texmf-texlive/tex/generic/oberdiek/ifluatex.sty)
(/usr/share/texmf-texlive/tex/generic/oberdiek/ltxcmds.sty))))
(/usr/share/texmf-texlive/tex/generic/oberdiek/atbegshi.sty))
*hyperref using default driver hpdftex*
(/usr/share/texmf-texlive/tex/latex/hyperref/hpdftex.def)

Package hyperref Warning: Option `hyperindex' has already been used,
(hyperref)                setting the option has no effect on input line 361.


Package hyperref Warning: Option `pagebackref' has already been used,
(hyperref)                setting the option has no effect on input line 361.

) (/usr/share/texmf-texlive/tex/latex/base/makeidx.sty)
(/usr/share/texmf-texlive/tex/latex/base/inputenc.sty
(/usr/share/texmf-texlive/tex/latex/base/utf8.def
(/usr/share/texmf-texlive/tex/latex/base/t1enc.dfu)
(/usr/share/texmf-texlive/tex/latex/base/ot1enc.dfu)
(/usr/share/texmf-texlive/tex/latex/base/omsenc.dfu)
(/usr/share/texmf-texlive/tex/latex/base/ts1enc.dfu))
(/usr/share/texmf-texlive/tex/latex/base/latin1.def))
Writing index file Rd2.idx
No file Rd2.aux.
(/usr/share/texmf-texlive/tex/latex/base/ts1cmr.fd)
(/usr/share/texmf-texlive/tex/latex/psnfss/t1ptm.fd)
(/usr/share/texmf-texlive/tex/context/base/supp-pdf.mkii
[Loading MPS to PDF converter (version 2006.09.02).]
) (/usr/share/texmf-texlive/tex/latex/hyperref/nameref.sty
(/usr/share/texmf-texlive/tex/latex/oberdiek/refcount.sty))
(/usr/share/texmf-texlive/tex/latex/inconsolata/t1fi4.fd)
(/usr/share/texmf-texlive/tex/latex/psnfss/t1phv.fd)
(/usr/share/texmf-texlive/tex/latex/base/utf8.def) [1{/var/lib/texmf/fonts/map/
pdftex/updmap/pdftex.map}] (/usr/share/texmf-texlive/tex/latex/base/utf8.def)
[2]
Overfull \hbox (2.57655pt too wide) in paragraph at lines 147--148
[]\T1/ptm/m/n/10 A log-i-cal value in-di-cat-ing whether mul-ti-cores are used 
or NOT (de-fault: FALSE). 
[3] (/usr/share/texmf-texlive/tex/latex/base/utf8.def)
(/usr/share/texmf-texlive/tex/latex/base/utf8.def) [4]
Overfull \hbox (0.66539pt too wide) in paragraph at lines 279--281
[]\T1/fi4/m/n/10 signature(Object = "clusteringCNVs")\T1/ptm/m/n/10 : clus-ter 
seg-men-ta-tion scores into groups. 
(/usr/share/texmf-texlive/tex/latex/base/utf8.def) [5]
(/usr/share/texmf-texlive/tex/latex/base/utf8.def) [6]
(/usr/share/texmf-texlive/tex/latex/base/utf8.def) [7]
(/usr/share/texmf-texlive/tex/latex/base/utf8.def) [8]
(/usr/share/texmf-texlive/tex/latex/base/utf8.def) [9]
(/usr/share/texmf-texlive/tex/latex/base/utf8.def)
(/usr/share/texmf-texlive/tex/latex/base/utf8.def)
Overfull \hbox (51.44763pt too wide) in paragraph at lines 585--585
 []\T1/fi4/m/n/10 groupBayesianCNVs(xData, nGroups, lambda0, sd0, alpha0, dista
nceBetweenGroups, inits = NULL,[] 
[10] [11] [12] (/usr/share/texmf-texlive/tex/latex/base/utf8.def) [13]
(/usr/share/texmf-texlive/tex/latex/base/utf8.def)
(/usr/share/texmf-texlive/tex/latex/base/utf8.def) [14] [15]
(/usr/share/texmf-texlive/tex/latex/base/utf8.def)
(/usr/share/texmf-texlive/tex/latex/base/utf8.def)
(/usr/share/texmf-texlive/tex/latex/base/utf8.def) [16]
(/usr/share/texmf-texlive/tex/latex/base/utf8.def) [17]
(/usr/share/texmf-texlive/tex/latex/base/utf8.def) [18]
Overfull \hbox (20.28088pt too wide) in paragraph at lines 1099--1099
 []\T1/fi4/m/n/9 plotPolymorphicRegion(Object = objectCNVrd2, polymorphicRegion
Object = fcgr3PolymorphicRegion,[] 

Overfull \hbox (20.28088pt too wide) in paragraph at lines 1106--1106
 []\T1/fi4/m/n/9 plotPolymorphicRegion(Object = objectCNVrd2, polymorphicRegion
Object = fcgr3PolymorphicRegion,[] 

Overfull \hbox (20.28088pt too wide) in paragraph at lines 1113--1113
 []\T1/fi4/m/n/9 plotPolymorphicRegion(Object = objectCNVrd2, polymorphicRegion
Object = fcgr3PolymorphicRegion,[] 
(/usr/share/texmf-texlive/tex/latex/base/utf8.def)
(/usr/share/texmf-texlive/tex/latex/base/utf8.def) [19]
(/usr/share/texmf-texlive/tex/latex/base/utf8.def)
(/usr/share/texmf-texlive/tex/latex/base/utf8.def) [20]
Overfull \hbox (30.78088pt too wide) in paragraph at lines 1258--1258
 []\T1/fi4/m/n/9 ## Not run: resultSegment <- segmentSamples(Object = objectCNV
rd2, stdCntMatrix = readCountMatrix)[] 
(/usr/share/texmf-texlive/tex/latex/base/utf8.def)
(/usr/share/texmf-texlive/tex/latex/base/utf8.def) [21]
(/usr/share/texmf-texlive/tex/latex/base/utf8.def) [22]
(/usr/share/texmf-texlive/tex/latex/base/utf8.def)
No file Rd2.ind.
[23] (./Rd2.aux) )
(see the transcript file for additional information){/usr/share/texmf-texlive/f
onts/enc/dvips/base/8r.enc}{/usr/share/texmf-texlive/fonts/enc/dvips/inconsolat
a/fi4-ec.enc}</usr/share/texmf-texlive/fonts/type1/public/inconsolata/Inconsola
ta.pfb></usr/share/texmf-texlive/fonts/type1/urw/helvetic/uhvr8a.pfb></usr/shar
e/texmf-texlive/fonts/type1/urw/times/utmb8a.pfb></usr/share/texmf-texlive/font
s/type1/urw/times/utmr8a.pfb></usr/share/texmf-texlive/fonts/type1/urw/times/ut
mr8a.pfb></usr/share/texmf-texlive/fonts/type1/urw/times/utmri8a.pfb>
Output written on Rd2.pdf (23 pages, 149504 bytes).
Transcript written on Rd2.log.
This is makeindex, version 2.15 [TeX Live 2009] (kpathsea + Thai support).
Scanning input file Rd2.idx....done (83 entries accepted, 0 rejected).
Sorting entries....done (556 comparisons).
Generating output file Rd2.ind....done (145 lines written, 0 warnings).
Output written in Rd2.ind.
Transcript written in Rd2.ilg.
This is pdfTeX, Version 3.1415926-1.40.10 (TeX Live 2009/Debian)
entering extended mode
LaTeX2e <2009/09/24>
Babel <v3.8l> and hyphenation patterns for english, usenglishmax, dumylang, noh
yphenation, farsi, arabic, croatian, bulgarian, ukrainian, russian, czech, slov
ak, danish, dutch, finnish, french, basque, ngerman, german, german-x-2009-06-1
9, ngerman-x-2009-06-19, ibycus, monogreek, greek, ancientgreek, hungarian, san
skrit, italian, latin, latvian, lithuanian, mongolian2a, mongolian, bokmal, nyn
orsk, romanian, irish, coptic, serbian, turkish, welsh, esperanto, uppersorbian
, estonian, indonesian, interlingua, icelandic, kurmanji, slovenian, polish, po
rtuguese, spanish, galician, catalan, swedish, ukenglish, pinyin, loaded.
(./Rd2.tex
(/usr/share/texmf-texlive/tex/latex/base/book.cls
Document Class: book 2007/10/19 v1.4h Standard LaTeX document class
(/usr/share/texmf-texlive/tex/latex/base/bk10.clo))
(/usr/share/R/share/texmf/tex/latex/Rd.sty
(/usr/share/texmf-texlive/tex/latex/base/ifthen.sty)
(/usr/share/texmf-texlive/tex/latex/tools/longtable.sty)
(/usr/share/texmf-texlive/tex/latex/tools/bm.sty)
(/usr/share/texmf-texlive/tex/latex/base/alltt.sty)
(/usr/share/texmf-texlive/tex/latex/tools/verbatim.sty)
(/usr/share/texmf-texlive/tex/latex/ltxmisc/url.sty)
(/usr/share/texmf-texlive/tex/latex/base/textcomp.sty
(/usr/share/texmf-texlive/tex/latex/base/ts1enc.def))
(/usr/share/texmf-texlive/tex/latex/base/fontenc.sty
(/usr/share/texmf-texlive/tex/latex/base/t1enc.def))
(/usr/share/texmf-texlive/tex/latex/psnfss/times.sty)
(/usr/share/texmf-texlive/tex/latex/inconsolata/inconsolata.sty
(/usr/share/texmf-texlive/tex/latex/graphics/keyval.sty))
(/usr/share/texmf-texlive/tex/latex/graphics/color.sty
(/etc/texmf/tex/latex/config/color.cfg)
(/usr/share/texmf-texlive/tex/latex/pdftex-def/pdftex.def))
(/usr/share/texmf-texlive/tex/latex/hyperref/hyperref.sty
(/usr/share/texmf-texlive/tex/generic/oberdiek/ifpdf.sty)
(/usr/share/texmf-texlive/tex/generic/oberdiek/ifvtex.sty)
(/usr/share/texmf-texlive/tex/generic/ifxetex/ifxetex.sty)
(/usr/share/texmf-texlive/tex/latex/oberdiek/hycolor.sty
(/usr/share/texmf-texlive/tex/latex/oberdiek/xcolor-patch.sty))
(/usr/share/texmf-texlive/tex/latex/hyperref/pd1enc.def)
(/usr/share/texmf-texlive/tex/generic/oberdiek/etexcmds.sty
(/usr/share/texmf-texlive/tex/generic/oberdiek/infwarerr.sty))
(/usr/share/texmf-texlive/tex/latex/latexconfig/hyperref.cfg)
(/usr/share/texmf-texlive/tex/latex/oberdiek/kvoptions.sty
(/usr/share/texmf-texlive/tex/generic/oberdiek/kvsetkeys.sty))
Implicit mode ON; LaTeX internals redefined
(/usr/share/texmf-texlive/tex/generic/oberdiek/bitset.sty
(/usr/share/texmf-texlive/tex/generic/oberdiek/intcalc.sty)
(/usr/share/texmf-texlive/tex/generic/oberdiek/bigintcalc.sty
(/usr/share/texmf-texlive/tex/generic/oberdiek/pdftexcmds.sty
(/usr/share/texmf-texlive/tex/generic/oberdiek/ifluatex.sty)
(/usr/share/texmf-texlive/tex/generic/oberdiek/ltxcmds.sty))))
(/usr/share/texmf-texlive/tex/generic/oberdiek/atbegshi.sty))
*hyperref using default driver hpdftex*
(/usr/share/texmf-texlive/tex/latex/hyperref/hpdftex.def)

Package hyperref Warning: Option `hyperindex' has already been used,
(hyperref)                setting the option has no effect on input line 361.


Package hyperref Warning: Option `pagebackref' has already been used,
(hyperref)                setting the option has no effect on input line 361.

) (/usr/share/texmf-texlive/tex/latex/base/makeidx.sty)
(/usr/share/texmf-texlive/tex/latex/base/inputenc.sty
(/usr/share/texmf-texlive/tex/latex/base/utf8.def
(/usr/share/texmf-texlive/tex/latex/base/t1enc.dfu)
(/usr/share/texmf-texlive/tex/latex/base/ot1enc.dfu)
(/usr/share/texmf-texlive/tex/latex/base/omsenc.dfu)
(/usr/share/texmf-texlive/tex/latex/base/ts1enc.dfu))
(/usr/share/texmf-texlive/tex/latex/base/latin1.def))
Writing index file Rd2.idx
(./Rd2.aux) (/usr/share/texmf-texlive/tex/latex/base/ts1cmr.fd)
(/usr/share/texmf-texlive/tex/latex/psnfss/t1ptm.fd)
(/usr/share/texmf-texlive/tex/context/base/supp-pdf.mkii
[Loading MPS to PDF converter (version 2006.09.02).]
) (/usr/share/texmf-texlive/tex/latex/hyperref/nameref.sty
(/usr/share/texmf-texlive/tex/latex/oberdiek/refcount.sty)) (./Rd2.out)
(./Rd2.out) (/usr/share/texmf-texlive/tex/latex/inconsolata/t1fi4.fd)
(/usr/share/texmf-texlive/tex/latex/psnfss/t1phv.fd) (./Rd2.toc [1{/var/lib/tex
mf/fonts/map/pdftex/updmap/pdftex.map}])
(/usr/share/texmf-texlive/tex/latex/base/utf8.def)
Overfull \vbox (3.94614pt too high) has occurred while \output is active
[2] (/usr/share/texmf-texlive/tex/latex/base/utf8.def) [3]
Overfull \hbox (2.57655pt too wide) in paragraph at lines 147--148
[]\T1/ptm/m/n/10 A log-i-cal value in-di-cat-ing whether mul-ti-cores are used 
or NOT (de-fault: FALSE). 
[4] (/usr/share/texmf-texlive/tex/latex/base/utf8.def)
(/usr/share/texmf-texlive/tex/latex/base/utf8.def) [5]
Overfull \hbox (0.66539pt too wide) in paragraph at lines 279--281
[]\T1/fi4/m/n/10 signature(Object = "clusteringCNVs")\T1/ptm/m/n/10 : clus-ter 
seg-men-ta-tion scores into groups. 
(/usr/share/texmf-texlive/tex/latex/base/utf8.def) [6]
(/usr/share/texmf-texlive/tex/latex/base/utf8.def) [7]
(/usr/share/texmf-texlive/tex/latex/base/utf8.def)
(/usr/share/texmf-texlive/tex/latex/base/utf8.def) [8] [9]
(/usr/share/texmf-texlive/tex/latex/base/utf8.def)
(/usr/share/texmf-texlive/tex/latex/base/utf8.def) [10]
(/usr/share/texmf-texlive/tex/latex/base/utf8.def)
Overfull \hbox (51.44763pt too wide) in paragraph at lines 585--585
 []\T1/fi4/m/n/10 groupBayesianCNVs(xData, nGroups, lambda0, sd0, alpha0, dista
nceBetweenGroups, inits = NULL,[] 
[11] [12] (/usr/share/texmf-texlive/tex/latex/base/utf8.def) [13] [14]
(/usr/share/texmf-texlive/tex/latex/base/utf8.def)
(/usr/share/texmf-texlive/tex/latex/base/utf8.def) [15]
(/usr/share/texmf-texlive/tex/latex/base/utf8.def) [16]
(/usr/share/texmf-texlive/tex/latex/base/utf8.def)
(/usr/share/texmf-texlive/tex/latex/base/utf8.def) [17]
(/usr/share/texmf-texlive/tex/latex/base/utf8.def) [18]
(/usr/share/texmf-texlive/tex/latex/base/utf8.def) [19]
Overfull \hbox (20.28088pt too wide) in paragraph at lines 1099--1099
 []\T1/fi4/m/n/9 plotPolymorphicRegion(Object = objectCNVrd2, polymorphicRegion
Object = fcgr3PolymorphicRegion,[] 

Overfull \hbox (20.28088pt too wide) in paragraph at lines 1106--1106
 []\T1/fi4/m/n/9 plotPolymorphicRegion(Object = objectCNVrd2, polymorphicRegion
Object = fcgr3PolymorphicRegion,[] 

Overfull \hbox (20.28088pt too wide) in paragraph at lines 1113--1113
 []\T1/fi4/m/n/9 plotPolymorphicRegion(Object = objectCNVrd2, polymorphicRegion
Object = fcgr3PolymorphicRegion,[] 
(/usr/share/texmf-texlive/tex/latex/base/utf8.def)
(/usr/share/texmf-texlive/tex/latex/base/utf8.def) [20]
(/usr/share/texmf-texlive/tex/latex/base/utf8.def)
(/usr/share/texmf-texlive/tex/latex/base/utf8.def) [21]
Overfull \hbox (30.78088pt too wide) in paragraph at lines 1258--1258
 []\T1/fi4/m/n/9 ## Not run: resultSegment <- segmentSamples(Object = objectCNV
rd2, stdCntMatrix = readCountMatrix)[] 
(/usr/share/texmf-texlive/tex/latex/base/utf8.def)
(/usr/share/texmf-texlive/tex/latex/base/utf8.def) [22]
(/usr/share/texmf-texlive/tex/latex/base/utf8.def) [23]
(/usr/share/texmf-texlive/tex/latex/base/utf8.def) (./Rd2.ind [24]
Overfull \hbox (38.3567pt too wide) in paragraph at lines 31--33
[]| \T1/fi4/m/n/10 segmentSamplesUsingPopInformation-methods\T1/ptm/m/n/10 , 

LaTeX Font Warning: Font shape `T1/fi4/m/it' undefined
(Font)              using `T1/fi4/m/n' instead on input line 39.


Overfull \hbox (5.8567pt too wide) in paragraph at lines 90--92
[]\T1/fi4/m/it/10 identifyPolymorphicRegion,CNVrd2-method 

Overfull \hbox (25.01662pt too wide) in paragraph at lines 90--92
\T1/ptm/m/it/10 (\T1/fi4/m/it/10 identifyPolymorphicRegion-methods\T1/ptm/m/it/
10 )\T1/ptm/m/n/10 , 

Overfull \hbox (5.01662pt too wide) in paragraph at lines 113--115
\T1/ptm/m/it/10 (\T1/fi4/m/it/10 plotPolymorphicRegion-methods\T1/ptm/m/it/10 )
\T1/ptm/m/n/10 , 
[25]
Overfull \hbox (45.8567pt too wide) in paragraph at lines 136--138
[]\T1/fi4/m/it/10 segmentSamplesUsingPopInformation,CNVrd2-method 

Overfull \hbox (65.01662pt too wide) in paragraph at lines 136--138
\T1/ptm/m/it/10 (\T1/fi4/m/it/10 segmentSamplesUsingPopInformation-methods\T1/p
tm/m/it/10 )\T1/ptm/m/n/10 , 

Overfull \hbox (18.3567pt too wide) in paragraph at lines 138--140
[]\T1/fi4/m/it/10 segmentSamplesUsingPopInformation-methods\T1/ptm/m/n/10 , 
[26]) (./Rd2.aux)

LaTeX Font Warning: Some font shapes were not available, defaults substituted.

 )
(see the transcript file for additional information){/usr/share/texmf-texlive/f
onts/enc/dvips/base/8r.enc}{/usr/share/texmf-texlive/fonts/enc/dvips/inconsolat
a/fi4-ec.enc}</usr/share/texmf-texlive/fonts/type1/public/inconsolata/Inconsola
ta.pfb></usr/share/texmf-texlive/fonts/type1/public/amsfonts/cm/cmsy10.pfb></us
r/share/texmf-texlive/fonts/type1/urw/helvetic/uhvr8a.pfb></usr/share/texmf-tex
live/fonts/type1/urw/times/utmb8a.pfb></usr/share/texmf-texlive/fonts/type1/urw
/times/utmr8a.pfb></usr/share/texmf-texlive/fonts/type1/urw/times/utmr8a.pfb></
usr/share/texmf-texlive/fonts/type1/urw/times/utmri8a.pfb>
Output written on Rd2.pdf (26 pages, 189281 bytes).
Transcript written on Rd2.log.
This is makeindex, version 2.15 [TeX Live 2009] (kpathsea + Thai support).
Scanning input file Rd2.idx....done (83 entries accepted, 0 rejected).
Sorting entries....done (559 comparisons).
Generating output file Rd2.ind....done (144 lines written, 0 warnings).
Output written in Rd2.ind.
Transcript written in Rd2.ilg.
This is pdfTeX, Version 3.1415926-1.40.10 (TeX Live 2009/Debian)
entering extended mode
LaTeX2e <2009/09/24>
Babel <v3.8l> and hyphenation patterns for english, usenglishmax, dumylang, noh
yphenation, farsi, arabic, croatian, bulgarian, ukrainian, russian, czech, slov
ak, danish, dutch, finnish, french, basque, ngerman, german, german-x-2009-06-1
9, ngerman-x-2009-06-19, ibycus, monogreek, greek, ancientgreek, hungarian, san
skrit, italian, latin, latvian, lithuanian, mongolian2a, mongolian, bokmal, nyn
orsk, romanian, irish, coptic, serbian, turkish, welsh, esperanto, uppersorbian
, estonian, indonesian, interlingua, icelandic, kurmanji, slovenian, polish, po
rtuguese, spanish, galician, catalan, swedish, ukenglish, pinyin, loaded.
(./Rd2.tex
(/usr/share/texmf-texlive/tex/latex/base/book.cls
Document Class: book 2007/10/19 v1.4h Standard LaTeX document class
(/usr/share/texmf-texlive/tex/latex/base/bk10.clo))
(/usr/share/R/share/texmf/tex/latex/Rd.sty
(/usr/share/texmf-texlive/tex/latex/base/ifthen.sty)
(/usr/share/texmf-texlive/tex/latex/tools/longtable.sty)
(/usr/share/texmf-texlive/tex/latex/tools/bm.sty)
(/usr/share/texmf-texlive/tex/latex/base/alltt.sty)
(/usr/share/texmf-texlive/tex/latex/tools/verbatim.sty)
(/usr/share/texmf-texlive/tex/latex/ltxmisc/url.sty)
(/usr/share/texmf-texlive/tex/latex/base/textcomp.sty
(/usr/share/texmf-texlive/tex/latex/base/ts1enc.def))
(/usr/share/texmf-texlive/tex/latex/base/fontenc.sty
(/usr/share/texmf-texlive/tex/latex/base/t1enc.def))
(/usr/share/texmf-texlive/tex/latex/psnfss/times.sty)
(/usr/share/texmf-texlive/tex/latex/inconsolata/inconsolata.sty
(/usr/share/texmf-texlive/tex/latex/graphics/keyval.sty))
(/usr/share/texmf-texlive/tex/latex/graphics/color.sty
(/etc/texmf/tex/latex/config/color.cfg)
(/usr/share/texmf-texlive/tex/latex/pdftex-def/pdftex.def))
(/usr/share/texmf-texlive/tex/latex/hyperref/hyperref.sty
(/usr/share/texmf-texlive/tex/generic/oberdiek/ifpdf.sty)
(/usr/share/texmf-texlive/tex/generic/oberdiek/ifvtex.sty)
(/usr/share/texmf-texlive/tex/generic/ifxetex/ifxetex.sty)
(/usr/share/texmf-texlive/tex/latex/oberdiek/hycolor.sty
(/usr/share/texmf-texlive/tex/latex/oberdiek/xcolor-patch.sty))
(/usr/share/texmf-texlive/tex/latex/hyperref/pd1enc.def)
(/usr/share/texmf-texlive/tex/generic/oberdiek/etexcmds.sty
(/usr/share/texmf-texlive/tex/generic/oberdiek/infwarerr.sty))
(/usr/share/texmf-texlive/tex/latex/latexconfig/hyperref.cfg)
(/usr/share/texmf-texlive/tex/latex/oberdiek/kvoptions.sty
(/usr/share/texmf-texlive/tex/generic/oberdiek/kvsetkeys.sty))
Implicit mode ON; LaTeX internals redefined
(/usr/share/texmf-texlive/tex/generic/oberdiek/bitset.sty
(/usr/share/texmf-texlive/tex/generic/oberdiek/intcalc.sty)
(/usr/share/texmf-texlive/tex/generic/oberdiek/bigintcalc.sty
(/usr/share/texmf-texlive/tex/generic/oberdiek/pdftexcmds.sty
(/usr/share/texmf-texlive/tex/generic/oberdiek/ifluatex.sty)
(/usr/share/texmf-texlive/tex/generic/oberdiek/ltxcmds.sty))))
(/usr/share/texmf-texlive/tex/generic/oberdiek/atbegshi.sty))
*hyperref using default driver hpdftex*
(/usr/share/texmf-texlive/tex/latex/hyperref/hpdftex.def)

Package hyperref Warning: Option `hyperindex' has already been used,
(hyperref)                setting the option has no effect on input line 361.


Package hyperref Warning: Option `pagebackref' has already been used,
(hyperref)                setting the option has no effect on input line 361.

) (/usr/share/texmf-texlive/tex/latex/base/makeidx.sty)
(/usr/share/texmf-texlive/tex/latex/base/inputenc.sty
(/usr/share/texmf-texlive/tex/latex/base/utf8.def
(/usr/share/texmf-texlive/tex/latex/base/t1enc.dfu)
(/usr/share/texmf-texlive/tex/latex/base/ot1enc.dfu)
(/usr/share/texmf-texlive/tex/latex/base/omsenc.dfu)
(/usr/share/texmf-texlive/tex/latex/base/ts1enc.dfu))
(/usr/share/texmf-texlive/tex/latex/base/latin1.def))
Writing index file Rd2.idx
(./Rd2.aux) (/usr/share/texmf-texlive/tex/latex/base/ts1cmr.fd)
(/usr/share/texmf-texlive/tex/latex/psnfss/t1ptm.fd)
(/usr/share/texmf-texlive/tex/context/base/supp-pdf.mkii
[Loading MPS to PDF converter (version 2006.09.02).]
) (/usr/share/texmf-texlive/tex/latex/hyperref/nameref.sty
(/usr/share/texmf-texlive/tex/latex/oberdiek/refcount.sty)) (./Rd2.out)
(./Rd2.out) (/usr/share/texmf-texlive/tex/latex/inconsolata/t1fi4.fd)
(/usr/share/texmf-texlive/tex/latex/psnfss/t1phv.fd) (./Rd2.toc [1{/var/lib/tex
mf/fonts/map/pdftex/updmap/pdftex.map}])
(/usr/share/texmf-texlive/tex/latex/base/utf8.def) [2]
(/usr/share/texmf-texlive/tex/latex/base/utf8.def) [3]
Overfull \hbox (2.57655pt too wide) in paragraph at lines 147--148
[]\T1/ptm/m/n/10 A log-i-cal value in-di-cat-ing whether mul-ti-cores are used 
or NOT (de-fault: FALSE). 
[4] (/usr/share/texmf-texlive/tex/latex/base/utf8.def)
(/usr/share/texmf-texlive/tex/latex/base/utf8.def) [5]
Overfull \hbox (0.66539pt too wide) in paragraph at lines 279--281
[]\T1/fi4/m/n/10 signature(Object = "clusteringCNVs")\T1/ptm/m/n/10 : clus-ter 
seg-men-ta-tion scores into groups. 
(/usr/share/texmf-texlive/tex/latex/base/utf8.def) [6]
(/usr/share/texmf-texlive/tex/latex/base/utf8.def) [7]
(/usr/share/texmf-texlive/tex/latex/base/utf8.def)
(/usr/share/texmf-texlive/tex/latex/base/utf8.def) [8] [9]
(/usr/share/texmf-texlive/tex/latex/base/utf8.def)
(/usr/share/texmf-texlive/tex/latex/base/utf8.def) [10]
(/usr/share/texmf-texlive/tex/latex/base/utf8.def)
Overfull \hbox (51.44763pt too wide) in paragraph at lines 585--585
 []\T1/fi4/m/n/10 groupBayesianCNVs(xData, nGroups, lambda0, sd0, alpha0, dista
nceBetweenGroups, inits = NULL,[] 
[11] [12] (/usr/share/texmf-texlive/tex/latex/base/utf8.def) [13] [14]
(/usr/share/texmf-texlive/tex/latex/base/utf8.def)
(/usr/share/texmf-texlive/tex/latex/base/utf8.def) [15]
(/usr/share/texmf-texlive/tex/latex/base/utf8.def) [16]
(/usr/share/texmf-texlive/tex/latex/base/utf8.def)
(/usr/share/texmf-texlive/tex/latex/base/utf8.def) [17]
(/usr/share/texmf-texlive/tex/latex/base/utf8.def) [18]
(/usr/share/texmf-texlive/tex/latex/base/utf8.def) [19]
Overfull \hbox (20.28088pt too wide) in paragraph at lines 1099--1099
 []\T1/fi4/m/n/9 plotPolymorphicRegion(Object = objectCNVrd2, polymorphicRegion
Object = fcgr3PolymorphicRegion,[] 

Overfull \hbox (20.28088pt too wide) in paragraph at lines 1106--1106
 []\T1/fi4/m/n/9 plotPolymorphicRegion(Object = objectCNVrd2, polymorphicRegion
Object = fcgr3PolymorphicRegion,[] 

Overfull \hbox (20.28088pt too wide) in paragraph at lines 1113--1113
 []\T1/fi4/m/n/9 plotPolymorphicRegion(Object = objectCNVrd2, polymorphicRegion
Object = fcgr3PolymorphicRegion,[] 
(/usr/share/texmf-texlive/tex/latex/base/utf8.def)
(/usr/share/texmf-texlive/tex/latex/base/utf8.def) [20]
(/usr/share/texmf-texlive/tex/latex/base/utf8.def)
(/usr/share/texmf-texlive/tex/latex/base/utf8.def) [21]
Overfull \hbox (30.78088pt too wide) in paragraph at lines 1258--1258
 []\T1/fi4/m/n/9 ## Not run: resultSegment <- segmentSamples(Object = objectCNV
rd2, stdCntMatrix = readCountMatrix)[] 
(/usr/share/texmf-texlive/tex/latex/base/utf8.def)
(/usr/share/texmf-texlive/tex/latex/base/utf8.def) [22]
(/usr/share/texmf-texlive/tex/latex/base/utf8.def) [23]
(/usr/share/texmf-texlive/tex/latex/base/utf8.def) (./Rd2.ind [24]
Overfull \hbox (38.3567pt too wide) in paragraph at lines 31--33
[]| \T1/fi4/m/n/10 segmentSamplesUsingPopInformation-methods\T1/ptm/m/n/10 , 

LaTeX Font Warning: Font shape `T1/fi4/m/it' undefined
(Font)              using `T1/fi4/m/n' instead on input line 39.


Overfull \hbox (5.8567pt too wide) in paragraph at lines 90--92
[]\T1/fi4/m/it/10 identifyPolymorphicRegion,CNVrd2-method 

Overfull \hbox (25.01662pt too wide) in paragraph at lines 90--92
\T1/ptm/m/it/10 (\T1/fi4/m/it/10 identifyPolymorphicRegion-methods\T1/ptm/m/it/
10 )\T1/ptm/m/n/10 , 

Overfull \hbox (5.01662pt too wide) in paragraph at lines 112--114
\T1/ptm/m/it/10 (\T1/fi4/m/it/10 plotPolymorphicRegion-methods\T1/ptm/m/it/10 )
\T1/ptm/m/n/10 , 
[25]
Overfull \hbox (45.8567pt too wide) in paragraph at lines 135--137
[]\T1/fi4/m/it/10 segmentSamplesUsingPopInformation,CNVrd2-method 

Overfull \hbox (65.01662pt too wide) in paragraph at lines 135--137
\T1/ptm/m/it/10 (\T1/fi4/m/it/10 segmentSamplesUsingPopInformation-methods\T1/p
tm/m/it/10 )\T1/ptm/m/n/10 , 

Overfull \hbox (18.3567pt too wide) in paragraph at lines 137--139
[]\T1/fi4/m/it/10 segmentSamplesUsingPopInformation-methods\T1/ptm/m/n/10 , 
[26]) (./Rd2.aux)

LaTeX Font Warning: Some font shapes were not available, defaults substituted.

 )
(see the transcript file for additional information){/usr/share/texmf-texlive/f
onts/enc/dvips/base/8r.enc}{/usr/share/texmf-texlive/fonts/enc/dvips/inconsolat
a/fi4-ec.enc}</usr/share/texmf-texlive/fonts/type1/public/inconsolata/Inconsola
ta.pfb></usr/share/texmf-texlive/fonts/type1/public/amsfonts/cm/cmsy10.pfb></us
r/share/texmf-texlive/fonts/type1/urw/helvetic/uhvr8a.pfb></usr/share/texmf-tex
live/fonts/type1/urw/times/utmb8a.pfb></usr/share/texmf-texlive/fonts/type1/urw
/times/utmr8a.pfb></usr/share/texmf-texlive/fonts/type1/urw/times/utmr8a.pfb></
usr/share/texmf-texlive/fonts/type1/urw/times/utmri8a.pfb>
Output written on Rd2.pdf (26 pages, 189763 bytes).
Transcript written on Rd2.log.
Saving output to 'CNVrd2-manual.pdf' ...
Done
You may want to clean up by 'rm -rf /tmp/RtmpxASVZB/Rd2pdf4898e61e0f5'
